<?xml version="1.0" encoding="UTF-8"?>
<testsuites>
    <testsuite tests="{{ .TestCount }}" failures="{{ .FailCount }}" time="0.003" name="nginx_unit_test/rewrite_test">
        <properties>
            <property name="go.version" value="go1.7.4"></property>
        </properties>
        {{ range $key, $value := .TestCases }}
        <testcase classname="{{ .Test }}" name="{{ .Name }}" time="0.000">
            {{if .Result}}
            <system-out>
                URL: {{ .Test }}
                Expected: {{ .Expected }}
                Redirect: {{ .Redirect }}
            </system-out>
            {{else}}
            <failure message="Redirect Failure" type="Redirect Failure">
                Expected: {{ .Expected }}
                Redirect: {{ .Redirect }}
            </failure>
            {{end}}
        </testcase>
        {{ end }}
    </testsuite>
</testsuites>
